v3.0 hex words addressed
0x1: 00218233 403604B3 003140B3 0041E133
0x5: 00C5F533 00F716B3 0051D133 4080D2B3
0x9: 00A4A433 00523133 12310093 03424113
0xd: 04526093 0094F113 00621193 00235293
0x11: 40515093 0041A113 00233193 00228083
0x15: 00439103 00A42203 0022C083 0043D103
0x19: 00128123 00239223 00442523 00209463
0x1d: 04C0006F 00310463 0440006F 00315463
0x21: 03C0006F 00314463 0340006F 00317463
0x25: 02C0006F 00316463 0240006F 020000EF
0x29: 00008067 80002197 F5818193 80000117
0x2d: 35010113 0080006F
0x30: FE010113 00500513 00112E23 00C000EF
0x34: 00A12623 0000006F FF010113 00912223
0x38: 00050593 00112623 00812423 00100513
0x3c: 00100493 00958A63 FFF58413 0B4000EF
0x40: 00040593 FF1FF06F 00C12083 00812403
0x44: 00412483 01010113 00008067 800007B7
0x48: 0007A503 800007B7 0007A603 FF010113
0x4c: 00000593 40A60633 00112623 00812423
0x50: 00912223 01212023 1B4000EF 800007B7
0x54: 0007A503 800007B7 0007A603 3D802583
0x58: 40A60633 070000EF 0C000413 0C000793
0x5c: 40F40433 40245413 00245413 0C000493
0x60: 00000913 01241863 F39FF0EF 10500073
0x64: FFDFF06F 0004A783 00190913 00448493
0x68: 000780E7 FE1FF06F 10500073 FFDFF06F
0x6c: 00050613 00000513 0015F693 00068463
0x70: 00C50533 0015D593 00161613 FE0596E3
0x74: 00008067 00B547B3 0037F793 00C508B3
0x78: 06079663 00300793 06C7F263 00357793
0x7c: 00050713 0C079A63 FFC8F613 40E606B3
0x80: 02000793 02000293 06D7C263 00058693
0x84: 00070793 02C77863 0006A803 00478793
0x88: 00468693 FF07AE23 FEC7E8E3 FFF60793
0x8c: 40E787B3 FFC7F793 00478793 00F70733
0x90: 00F585B3 01176863 00008067 00050713
0x94: FF157CE3 0005C783 00170713 00158593
0x98: FEF70FA3 FF1768E3 00008067 0045A683
0x9c: 01C5A783 0005AF83 0085AF03 00C5AE83
0xa0: 0105AE03 0145A303 0185A803 00D72223
0xa4: 0205A683 01F72023 01E72423 01D72623
0xa8: 01C72823 00672A23 01072C23 00F72E23
0xac: 02470713 40E607B3 FED72E23 02458593
0xb0: FAF2C6E3 F49FF06F 0005C683 00170713
0xb4: 00377793 FED70FA3 00158593 F0078EE3
0xb8: 0005C683 00170713 00377793 FED70FA3
0xbc: 00158593 FC079AE3 F01FF06F 00F00313
0xc0: 00050713 02C37E63 00F77793 0A079063
0xc4: 08059263 FF067693 00F67613 00E686B3
0xc8: 00B72023 00B72223 00B72423 00B72623
0xcc: 01070713 FED766E3 00061463 00008067
0xd0: 40C306B3 00269693 00000297 005686B3
0xd4: 00C68067 00B70723 00B706A3 00B70623
0xd8: 00B705A3 00B70523 00B704A3 00B70423
0xdc: 00B703A3 00B70323 00B702A3 00B70223
0xe0: 00B701A3 00B70123 00B700A3 00B70023
0xe4: 00008067 0FF5F593 00859693 00D5E5B3
0xe8: 01059693 00D5E5B3 F6DFF06F 00279693
0xec: 00000297 005686B3 00008293 FA0680E7
0xf0: 00028093 FF078793 40F70733 00F60633
0xf4: F6C378E3 F3DFF06F
